2026-06-04 14:36:19,736 - INFO - Started loading begin_inventory.csv
2026-06-04 14:36:22,792 - INFO - Completed loading begin_inventory.csv. Rows loaded: 206529
2026-06-04 14:36:22,792 - INFO - Started loading end_inventory.csv
2026-06-04 14:36:26,449 - INFO - Completed loading end_inventory.csv. Rows loaded: 224489
2026-06-04 14:36:26,449 - INFO - Started loading purchases.csv
2026-06-04 14:37:08,969 - INFO - Completed loading purchases.csv. Rows loaded: 2372474
2026-06-04 14:37:08,970 - INFO - Started loading purchase_prices.csv
2026-06-04 14:37:09,118 - INFO - Completed loading purchase_prices.csv. Rows loaded: 12261
2026-06-04 14:37:09,118 - INFO - Started loading sales.csv
2026-06-04 14:40:34,213 - INFO - Completed loading sales.csv. Rows loaded: 12825363
2026-06-04 14:40:34,214 - INFO - Started loading vendor_invoice.csv
2026-06-04 14:40:34,290 - INFO - Completed loading vendor_invoice.csv. Rows loaded: 5543
2026-06-04 14:51:07,235 - ERROR - No such comm target registered: jupyter.widget.control
2026-06-04 14:51:07,330 - WARNING - No such comm: 3f117838-0a9d-4e54-b229-7028532fbbe6
2026-06-04 15:04:11,514 - INFO - Started loading begin_inventory.csv
2026-06-04 15:04:15,111 - INFO - Completed loading begin_inventory.csv. Rows loaded: 206529
2026-06-04 15:04:15,112 - INFO - Started loading end_inventory.csv
2026-06-04 15:04:19,063 - INFO - Completed loading end_inventory.csv. Rows loaded: 224489
2026-06-04 15:04:19,063 - INFO - Started loading purchases.csv
2026-06-04 15:05:29,653 - INFO - Completed loading purchases.csv. Rows loaded: 2372474
2026-06-04 15:05:29,668 - INFO - Started loading purchase_prices.csv
2026-06-04 15:05:30,095 - INFO - Completed loading purchase_prices.csv. Rows loaded: 12261
2026-06-04 15:05:30,099 - INFO - Started loading sales.csv
2026-06-04 15:09:35,996 - ERROR - Error loading sales.csv: Can't reconnect until invalid transaction is rolled back.  Please rollback() fully before proceeding (Background on this error at: https://sqlalche.me/e/20/8s2b)
Traceback (most recent call last):
  File "C:\Users\hp\AppData\Local\Temp\ipykernel_25808\3612854274.py", line 21, in <module>
    chunk.to_sql(
    ~~~~~~~~~~~~^
        table_name,
        ^^^^^^^^^^^
    ...<2 lines>...
        index=False
        ^^^^^^^^^^^
    )
    ^
  File "C:\Users\hp\AppData\Local\Programs\Python\Python314\Lib\site-packages\pandas\util\_decorators.py", line 333, in wrapper
    return func(*args, **kwargs)
  File "C:\Users\hp\AppData\Local\Programs\Python\Python314\Lib\site-packages\pandas\core\generic.py", line 3109, in to_sql
    return sql.to_sql(
           ~~~~~~~~~~^
        self,
        ^^^^^
    ...<8 lines>...
        method=method,
        ^^^^^^^^^^^^^^
    )
    ^
  File "C:\Users\hp\AppData\Local\Programs\Python\Python314\Lib\site-packages\pandas\io\sql.py", line 843, in to_sql
    with pandasSQL_builder(con, schema=schema, need_transaction=True) as pandas_sql:
         ~~~~~~~~~~~~~~~~~^^^^^^^^^^^^^^^^^^^^^^^^^^^^^^^^^^^^^^^^^^^
  File "C:\Users\hp\AppData\Local\Programs\Python\Python314\Lib\site-packages\pandas\io\sql.py", line 1657, in __exit__
    self.exit_stack.close()
    ~~~~~~~~~~~~~~~~~~~~~^^
  File "C:\Users\hp\AppData\Local\Programs\Python\Python314\Lib\contextlib.py", line 627, in close
    self.__exit__(None, None, None)
    ~~~~~~~~~~~~~^^^^^^^^^^^^^^^^^^
  File "C:\Users\hp\AppData\Local\Programs\Python\Python314\Lib\contextlib.py", line 619, in __exit__
    raise exc
  File "C:\Users\hp\AppData\Local\Programs\Python\Python314\Lib\contextlib.py", line 604, in __exit__
    if cb(*exc_details):
       ~~^^^^^^^^^^^^^^
  File "C:\Users\hp\AppData\Local\Programs\Python\Python314\Lib\site-packages\sqlalchemy\engine\util.py", line 147, in __exit__
    with util.safe_reraise():
         ~~~~~~~~~~~~~~~~~^^
  File "C:\Users\hp\AppData\Local\Programs\Python\Python314\Lib\site-packages\sqlalchemy\util\langhelpers.py", line 121, in __exit__
    raise exc_value.with_traceback(exc_tb)
  File "C:\Users\hp\AppData\Local\Programs\Python\Python314\Lib\site-packages\sqlalchemy\engine\util.py", line 145, in __exit__
    self.commit()
    ~~~~~~~~~~~^^
  File "C:\Users\hp\AppData\Local\Programs\Python\Python314\Lib\site-packages\sqlalchemy\engine\base.py", line 2640, in commit
    self._do_commit()
    ~~~~~~~~~~~~~~~^^
  File "C:\Users\hp\AppData\Local\Programs\Python\Python314\Lib\site-packages\sqlalchemy\engine\base.py", line 2745, in _do_commit
    self._connection_commit_impl()
    ~~~~~~~~~~~~~~~~~~~~~~~~~~~~^^
  File "C:\Users\hp\AppData\Local\Programs\Python\Python314\Lib\site-packages\sqlalchemy\engine\base.py", line 2716, in _connection_commit_impl
    self.connection._commit_impl()
    ~~~~~~~~~~~~~~~~~~~~~~~~~~~~^^
  File "C:\Users\hp\AppData\Local\Programs\Python\Python314\Lib\site-packages\sqlalchemy\engine\base.py", line 1147, in _commit_impl
    self._handle_dbapi_exception(e, None, None, None, None)
    ~~~~~~~~~~~~~~~~~~~~~~~~~~~~^^^^^^^^^^^^^^^^^^^^^^^^^^^
  File "C:\Users\hp\AppData\Local\Programs\Python\Python314\Lib\site-packages\sqlalchemy\engine\base.py", line 2366, in _handle_dbapi_exception
    raise exc_info[1].with_traceback(exc_info[2])
  File "C:\Users\hp\AppData\Local\Programs\Python\Python314\Lib\site-packages\sqlalchemy\engine\base.py", line 1145, in _commit_impl
    self.engine.dialect.do_commit(self.connection)
                                  ^^^^^^^^^^^^^^^
  File "C:\Users\hp\AppData\Local\Programs\Python\Python314\Lib\site-packages\sqlalchemy\engine\base.py", line 581, in connection
    return self._revalidate_connection()
           ~~~~~~~~~~~~~~~~~~~~~~~~~~~^^
  File "C:\Users\hp\AppData\Local\Programs\Python\Python314\Lib\site-packages\sqlalchemy\engine\base.py", line 673, in _revalidate_connection
    self._invalid_transaction()
    ~~~~~~~~~~~~~~~~~~~~~~~~~^^
  File "C:\Users\hp\AppData\Local\Programs\Python\Python314\Lib\site-packages\sqlalchemy\engine\base.py", line 663, in _invalid_transaction
    raise exc.PendingRollbackError(
    ...<4 lines>...
    )
sqlalchemy.exc.PendingRollbackError: Can't reconnect until invalid transaction is rolled back.  Please rollback() fully before proceeding (Background on this error at: https://sqlalche.me/e/20/8s2b)
2026-06-04 15:09:36,026 - INFO - Started loading vendor_invoice.csv
2026-06-04 15:09:36,131 - INFO - Completed loading vendor_invoice.csv. Rows loaded: 5543
2026-06-04 15:10:50,141 - INFO - Started loading begin_inventory.csv
2026-06-04 15:10:54,423 - INFO - Completed loading begin_inventory.csv. Rows loaded: 206529. Time taken: 0.07 minutes.
2026-06-04 15:10:54,424 - INFO - Started loading end_inventory.csv
2026-06-04 15:10:58,910 - INFO - Completed loading end_inventory.csv. Rows loaded: 224489. Time taken: 0.07 minutes.
2026-06-04 15:10:58,910 - INFO - Started loading purchases.csv
2026-06-04 15:12:02,081 - INFO - Completed loading purchases.csv. Rows loaded: 2372474. Time taken: 1.05 minutes.
2026-06-04 15:12:02,082 - INFO - Started loading purchase_prices.csv
2026-06-04 15:12:02,368 - INFO - Completed loading purchase_prices.csv. Rows loaded: 12261. Time taken: 0.00 minutes.
2026-06-04 15:12:02,368 - INFO - Started loading sales.csv
2026-06-04 15:16:33,831 - INFO - Completed loading sales.csv. Rows loaded: 12825363. Time taken: 4.52 minutes.
2026-06-04 15:16:33,831 - INFO - Started loading vendor_invoice.csv
2026-06-04 15:16:33,922 - INFO - Completed loading vendor_invoice.csv. Rows loaded: 5543. Time taken: 0.00 minutes.
2026-06-04 15:18:05,982 - INFO - Started loading begin_inventory.csv
2026-06-04 15:18:10,005 - INFO - Completed loading begin_inventory.csv. Rows loaded: 206529. Time taken: 0.07 minutes.
2026-06-04 15:18:10,006 - INFO - Started loading end_inventory.csv
2026-06-04 15:18:14,022 - INFO - Completed loading end_inventory.csv. Rows loaded: 224489. Time taken: 0.07 minutes.
2026-06-04 15:18:14,023 - INFO - Started loading purchases.csv
2026-06-04 15:19:04,695 - INFO - Completed loading purchases.csv. Rows loaded: 2372474. Time taken: 0.84 minutes.
2026-06-04 15:19:04,695 - INFO - Started loading purchase_prices.csv
2026-06-04 15:19:04,885 - INFO - Completed loading purchase_prices.csv. Rows loaded: 12261. Time taken: 0.00 minutes.
2026-06-04 15:19:04,885 - INFO - Started loading sales.csv
2026-06-04 15:23:07,018 - INFO - Completed loading sales.csv. Rows loaded: 12825363. Time taken: 4.04 minutes.
2026-06-04 15:23:07,018 - INFO - Started loading vendor_invoice.csv
2026-06-04 15:23:07,108 - INFO - Completed loading vendor_invoice.csv. Rows loaded: 5543. Time taken: 0.00 minutes.
2026-06-04 18:59:35,954 - ERROR - No such comm target registered: jupyter.widget.control
2026-06-04 18:59:36,141 - WARNING - No such comm: 4c1ec83e-92cc-4b91-b8e5-9cef3934e35c
